<?xml version="1.0" encoding="UTF-8"?>
<testng-results ignored="0" total="1" passed="1" failed="0" skipped="0">
  <reporter-output>
  </reporter-output>
  <suite started-at="2022-06-23T08:00:14 IST" name="Default suite" finished-at="2022-06-23T08:00:38 IST" duration-ms="23790">
    <groups>
    </groups>
    <test started-at="2022-06-23T08:00:14 IST" name="Default test" finished-at="2022-06-23T08:00:38 IST" duration-ms="23790">
      <class name="organization.CreateOrganizationAndVerifyTest">
        <test-method is-config="true" signature="Dbconfig()[pri:0, instance:organization.CreateOrganizationAndVerifyTest@43dac38f]" started-at="2022-06-23T08:00:14 IST" name="Dbconfig" finished-at="2022-06-23T08:00:14 IST" duration-ms="8" status="PASS">
          <reporter-output>
          </reporter-output>
        </test-method> <!-- Dbconfig -->
        <test-method is-config="true" signature="launchTheBrowser()[pri:0, instance:organization.CreateOrganizationAndVerifyTest@43dac38f]" started-at="2022-06-23T08:00:14 IST" name="launchTheBrowser" finished-at="2022-06-23T08:00:19 IST" duration-ms="5446" status="PASS">
          <reporter-output>
          </reporter-output>
        </test-method> <!-- launchTheBrowser -->
        <test-method is-config="true" signature="logintoapplin()[pri:0, instance:organization.CreateOrganizationAndVerifyTest@43dac38f]" started-at="2022-06-23T08:00:19 IST" name="logintoapplin" finished-at="2022-06-23T08:00:23 IST" duration-ms="3785" status="PASS">
          <reporter-output>
          </reporter-output>
        </test-method> <!-- logintoapplin -->
        <test-method signature="CreateOrgTest()[pri:0, instance:organization.CreateOrganizationAndVerifyTest@43dac38f]" started-at="2022-06-23T08:00:23 IST" name="CreateOrgTest" finished-at="2022-06-23T08:00:36 IST" duration-ms="12411" status="PASS">
          <reporter-output>
          </reporter-output>
        </test-method> <!-- CreateOrgTest -->
        <test-method is-config="true" signature="logoutFromApp()[pri:0, instance:organization.CreateOrganizationAndVerifyTest@43dac38f]" started-at="2022-06-23T08:00:36 IST" name="logoutFromApp" finished-at="2022-06-23T08:00:37 IST" duration-ms="1823" status="PASS">
          <reporter-output>
          </reporter-output>
        </test-method> <!-- logoutFromApp -->
        <test-method is-config="true" signature="CloseTheBrowser()[pri:0, instance:organization.CreateOrganizationAndVerifyTest@43dac38f]" started-at="2022-06-23T08:00:37 IST" name="CloseTheBrowser" finished-at="2022-06-23T08:00:38 IST" duration-ms="274" status="PASS">
          <reporter-output>
          </reporter-output>
        </test-method> <!-- CloseTheBrowser -->
        <test-method is-config="true" signature="CloseTheConfig()[pri:0, instance:organization.CreateOrganizationAndVerifyTest@43dac38f]" started-at="2022-06-23T08:00:38 IST" name="CloseTheConfig" finished-at="2022-06-23T08:00:38 IST" duration-ms="0" status="PASS">
          <reporter-output>
          </reporter-output>
        </test-method> <!-- CloseTheConfig -->
      </class> <!-- organization.CreateOrganizationAndVerifyTest -->
    </test> <!-- Default test -->
  </suite> <!-- Default suite -->
</testng-results>
